

Microchip Technology PIC18 LITE Macro Assembler V1.33 build 59893 
                                                                                               Fri Sep 11 07:54:59 2020

Microchip Technology Omniscient Code Generator (Lite mode) build 59893
     1                           	processor	18F4550
     2                           	fnconf	rparam,??,?,0
     3                           	opt	pw 120
     4                           	opt	lm
     5                           	psect	idataCOMRAM,global,class=CODE,delta=1
     6                           	psect	smallconst,global,reloc=2,class=SMALLCONST,delta=1
     7                           	psect	cinit,global,reloc=2,class=CODE,delta=1
     8                           	psect	bssCOMRAM,global,class=COMRAM,space=1,delta=1
     9                           	psect	dataCOMRAM,global,class=COMRAM,space=1,delta=1
    10                           	psect	cstackCOMRAM,global,class=COMRAM,space=1,delta=1
    11                           	psect	text0,global,reloc=2,class=CODE,delta=1
    12                           	psect	text1,global,reloc=2,class=CODE,delta=1
    13                           	psect	intsave_regs,global,class=BIGRAM,space=1,delta=1
    14                           	psect	rparam,global,class=COMRAM,space=1,delta=1
    15  0000                     
    16                           	psect	idataCOMRAM
    17  0008BA                     __pidataCOMRAM:
    18                           	opt stack 0
    19                           
    20                           ;initializer for EscreveInteiroLCD@F5476
    21  0008BA  30                 	db	48
    22  0008BB  30                 	db	48
    23  0008BC  30                 	db	48
    24  0008BD  30                 	db	48
    25  0008BE  30                 	db	48
    26  0008BF  30                 	db	48
    27  0008C0  00                 	db	0
    28                           
    29                           	psect	smallconst
    30  000800                     __psmallconst:
    31                           	opt stack 0
    32  000800  00                 	db	0
    33  000801                     _dpowers:
    34                           	opt stack 0
    35  000801  0001               	dw	1
    36  000803  0000               	dw	0
    37  000805  000A               	dw	10
    38  000807  0000               	dw	0
    39  000809  0064               	dw	100
    40  00080B  0000               	dw	0
    41  00080D  03E8               	dw	1000
    42  00080F  0000               	dw	0
    43  000811  2710               	dw	10000
    44  000813  0000               	dw	0
    45  000815  86A0               	dw	34464
    46  000817  0001               	dw	1
    47  000819  4240               	dw	16960
    48  00081B  000F               	dw	15
    49  00081D  9680               	dw	38528
    50  00081F  0098               	dw	152
    51  000821  E100               	dw	57600
    52  000823  05F5               	dw	1525
    53  000825  CA00               	dw	51712
    54  000827  3B9A               	dw	15258
    55  000829                     __end_of_dpowers:
    56                           	opt stack 0
    57  0000                     _ADCON1	set	4033
    58  0000                     _LATB	set	3978
    59  0000                     _PORTBbits	set	3969
    60  0000                     _PORTDbits	set	3971
    61  0000                     _TRISB	set	3987
    62  0000                     _TRISDbits	set	3989
    63  0000                     _RB0	set	31752
    64  000829                     __stringdata:
    65                           	opt stack 0
    66  000829  25                 	db	37
    67  00082A  6C                 	db	108	;'l'
    68  00082B  75                 	db	117	;'u'
    69  00082C  2E                 	db	46
    70  00082D  25                 	db	37
    71  00082E  36                 	db	54	;'6'
    72  00082F  2E                 	db	46
    73  000830  36                 	db	54	;'6'
    74  000831  6C                 	db	108	;'l'
    75  000832  75                 	db	117	;'u'
    76  000833  00                 	db	0
    77  000834                     __end_of__stringdata:
    78                           	opt stack 0
    79  000834  00                 	db	0	; dummy byte at the end
    80  0000                     
    81                           ; #config settings
    82                           
    83                           	psect	cinit
    84  000836                     __pcinit:
    85                           	opt stack 0
    86  000836                     start_initialization:
    87                           	opt stack 0
    88  000836                     __initialization:
    89                           	opt stack 0
    90                           
    91                           ; Clear objects allocated to COMRAM (17 bytes)
    92  000836  EE00  F001         	lfsr	0,__pbssCOMRAM
    93  00083A  0E11               	movlw	17
    94  00083C                     clear_0:
    95  00083C  6AEE               	clrf	postinc0,c
    96  00083E  06E8               	decf	wreg,f,c
    97  000840  E1FD               	bnz	clear_0
    98                           
    99                           ; Initialize objects allocated to COMRAM (7 bytes)
   100                           ; load TBLPTR registers with __pidataCOMRAM
   101  000842  0EBA               	movlw	low __pidataCOMRAM
   102  000844  6EF6               	movwf	tblptrl,c
   103  000846  0E08               	movlw	high __pidataCOMRAM
   104  000848  6EF7               	movwf	tblptrh,c
   105  00084A  0E00               	movlw	low (__pidataCOMRAM shr (0+16))
   106  00084C  6EF8               	movwf	tblptru,c
   107  00084E  EE00  F012         	lfsr	0,__pdataCOMRAM
   108  000852  EE10 F007          	lfsr	1,7
   109  000856                     copy_data0:
   110  000856  0009               	tblrd		*+
   111  000858  CFF5 FFEE          	movff	tablat,postinc0
   112  00085C  50E5               	movf	postdec1,w,c
   113  00085E  50E1               	movf	fsr1l,w,c
   114  000860  E1FA               	bnz	copy_data0
   115  000862                     end_of_initialization:
   116                           	opt stack 0
   117  000862                     __end_of__initialization:
   118                           	opt stack 0
   119  000862  0E00               	movlw	low (__Lmediumconst shr (0+16))
   120  000864  6EF8               	movwf	tblptru,c
   121  000866  0100               	movlb	0
   122  000868  EF36  F004         	goto	_main	;jump to C main() function
   123                           tblptru	equ	0xFF8
   124                           tblptrh	equ	0xFF7
   125                           tblptrl	equ	0xFF6
   126                           tablat	equ	0xFF5
   127                           postinc0	equ	0xFEE
   128                           wreg	equ	0xFE8
   129                           postdec1	equ	0xFE5
   130                           fsr1l	equ	0xFE1
   131                           
   132                           	psect	bssCOMRAM
   133  000001                     __pbssCOMRAM:
   134                           	opt stack 0
   135  000001                     ftoa@buf:
   136                           	opt stack 0
   137  000001                     	ds	17
   138                           tblptru	equ	0xFF8
   139                           tblptrh	equ	0xFF7
   140                           tblptrl	equ	0xFF6
   141                           tablat	equ	0xFF5
   142                           postinc0	equ	0xFEE
   143                           wreg	equ	0xFE8
   144                           postdec1	equ	0xFE5
   145                           fsr1l	equ	0xFE1
   146                           
   147                           	psect	dataCOMRAM
   148  000012                     __pdataCOMRAM:
   149                           	opt stack 0
   150  000012                     EscreveInteiroLCD@F5476:
   151                           	opt stack 0
   152  000012                     	ds	7
   153                           tblptru	equ	0xFF8
   154                           tblptrh	equ	0xFF7
   155                           tblptrl	equ	0xFF6
   156                           tablat	equ	0xFF5
   157                           postinc0	equ	0xFEE
   158                           wreg	equ	0xFE8
   159                           postdec1	equ	0xFE5
   160                           fsr1l	equ	0xFE1
   161                           
   162                           	psect	cstackCOMRAM
   163  000019                     __pcstackCOMRAM:
   164                           	opt stack 0
   165  000019                     delay_ms@tempodeatraso:
   166                           	opt stack 0
   167                           
   168                           ; 2 bytes @ 0x0
   169  000019                     	ds	2
   170  00001B                     ??_delay_ms:
   171                           
   172                           ; 0 bytes @ 0x2
   173  00001B                     	ds	1
   174  00001C                     tblptru	equ	0xFF8
   175                           tblptrh	equ	0xFF7
   176                           tblptrl	equ	0xFF6
   177                           tablat	equ	0xFF5
   178                           postinc0	equ	0xFEE
   179                           wreg	equ	0xFE8
   180                           postdec1	equ	0xFE5
   181                           fsr1l	equ	0xFE1
   182                           
   183                           ; 0 bytes @ 0x3
   184 ;;
   185 ;;Main: autosize = 0, tempsize = 0, incstack = 0, save=0
   186 ;;
   187 ;; *************** function _main *****************
   188 ;; Defined at:
   189 ;;		line 44 in file "Pisca_Led.c"
   190 ;; Parameters:    Size  Location     Type
   191 ;;		None
   192 ;; Auto vars:     Size  Location     Type
   193 ;;		None
   194 ;; Return value:  Size  Location     Type
   195 ;;		None               void
   196 ;; Registers used:
   197 ;;		wreg, status,2, status,0, cstack
   198 ;; Tracked objects:
   199 ;;		On entry : 0/0
   200 ;;		On exit  : 0/0
   201 ;;		Unchanged: 0/0
   202 ;; Data sizes:     COMRAM   BANK0   BANK1   BANK2   BANK3   BANK4   BANK5   BANK6   BANK7
   203 ;;      Params:         0       0       0       0       0       0       0       0       0
   204 ;;      Locals:         0       0       0       0       0       0       0       0       0
   205 ;;      Temps:          0       0       0       0       0       0       0       0       0
   206 ;;      Totals:         0       0       0       0       0       0       0       0       0
   207 ;;Total ram usage:        0 bytes
   208 ;; Hardware stack levels required when called:    1
   209 ;; This function calls:
   210 ;;		_delay_ms
   211 ;; This function is called by:
   212 ;;		Startup code after reset
   213 ;; This function uses a non-reentrant model
   214 ;;
   215                           
   216                           	psect	text0
   217  00086C                     __ptext0:
   218                           	opt stack 0
   219  00086C                     _main:
   220                           	opt stack 30
   221                           
   222                           ;Pisca_Led.c: 47: ADCON1 = 0x0F;
   223                           
   224                           ;incstack = 0
   225  00086C  0E0F               	movlw	15
   226  00086E  6EC1               	movwf	4033,c	;volatile
   227                           
   228                           ;Pisca_Led.c: 48: TRISB = 0x00;
   229  000870  0E00               	movlw	0
   230  000872  6E93               	movwf	3987,c	;volatile
   231                           
   232                           ;Pisca_Led.c: 49: LATB = 0xFF;
   233  000874  688A               	setf	3978,c	;volatile
   234  000876                     l1116:
   235                           
   236                           ;Pisca_Led.c: 52: {
   237                           ;Pisca_Led.c: 54: PORTBbits.RB7 = 1;
   238  000876  8E81               	bsf	3969,7,c	;volatile
   239                           
   240                           ;Pisca_Led.c: 55: RB0 = 0;
   241  000878  9081               	bcf	3969,0,c	;volatile
   242                           
   243                           ;Pisca_Led.c: 56: delay_ms(100);
   244  00087A  0E00               	movlw	0
   245  00087C  6E1A               	movwf	delay_ms@tempodeatraso+1,c
   246  00087E  0E64               	movlw	100
   247  000880  6E19               	movwf	delay_ms@tempodeatraso,c
   248  000882  EC4C  F004         	call	_delay_ms	;wreg free
   249                           
   250                           ;Pisca_Led.c: 57: PORTBbits.RB7 = 0;
   251  000886  9E81               	bcf	3969,7,c	;volatile
   252                           
   253                           ;Pisca_Led.c: 58: RB0 = 1;
   254  000888  8081               	bsf	3969,0,c	;volatile
   255                           
   256                           ;Pisca_Led.c: 59: delay_ms(100);
   257  00088A  0E00               	movlw	0
   258  00088C  6E1A               	movwf	delay_ms@tempodeatraso+1,c
   259  00088E  0E64               	movlw	100
   260  000890  6E19               	movwf	delay_ms@tempodeatraso,c
   261  000892  EC4C  F004         	call	_delay_ms	;wreg free
   262  000896  D7EF               	goto	l1116
   263  000898                     __end_of_main:
   264                           	opt stack 0
   265                           tblptru	equ	0xFF8
   266                           tblptrh	equ	0xFF7
   267                           tblptrl	equ	0xFF6
   268                           tablat	equ	0xFF5
   269                           postinc0	equ	0xFEE
   270                           wreg	equ	0xFE8
   271                           postdec1	equ	0xFE5
   272                           fsr1l	equ	0xFE1
   273                           
   274 ;; *************** function _delay_ms *****************
   275 ;; Defined at:
   276 ;;		line 76 in file "Pisca_Led.c"
   277 ;; Parameters:    Size  Location     Type
   278 ;;  tempodeatras    2    0[COMRAM] unsigned int 
   279 ;; Auto vars:     Size  Location     Type
   280 ;;		None
   281 ;; Return value:  Size  Location     Type
   282 ;;		None               void
   283 ;; Registers used:
   284 ;;		wreg, status,2, status,0
   285 ;; Tracked objects:
   286 ;;		On entry : 0/0
   287 ;;		On exit  : 0/0
   288 ;;		Unchanged: 0/0
   289 ;; Data sizes:     COMRAM   BANK0   BANK1   BANK2   BANK3   BANK4   BANK5   BANK6   BANK7
   290 ;;      Params:         2       0       0       0       0       0       0       0       0
   291 ;;      Locals:         0       0       0       0       0       0       0       0       0
   292 ;;      Temps:          1       0       0       0       0       0       0       0       0
   293 ;;      Totals:         3       0       0       0       0       0       0       0       0
   294 ;;Total ram usage:        3 bytes
   295 ;; Hardware stack levels used:    1
   296 ;; This function calls:
   297 ;;		Nothing
   298 ;; This function is called by:
   299 ;;		_main
   300 ;; This function uses a non-reentrant model
   301 ;;
   302                           
   303                           	psect	text1
   304  000898                     __ptext1:
   305                           	opt stack 0
   306  000898                     _delay_ms:
   307                           	opt stack 30
   308                           
   309                           ;Pisca_Led.c: 78: while(--tempodeatraso)
   310                           
   311                           ;incstack = 0
   312  000898  D008               	goto	l956
   313  00089A                     l954:
   314                           
   315                           ;Pisca_Led.c: 79: {
   316                           ;Pisca_Led.c: 80: _delay((unsigned long)((1)*(48000000/4000.0)));
   317  00089A  0E10               	movlw	16
   318  00089C  6E1B               	movwf	??_delay_ms& (0+255),c
   319  00089E  0E94               	movlw	148
   320  0008A0                     u387:
   321  0008A0  2EE8               	decfsz	wreg,f,c
   322  0008A2  D7FE               	goto	u387
   323  0008A4  2E1B               	decfsz	??_delay_ms& (0+255),f,c
   324  0008A6  D7FC               	goto	u387
   325  0008A8  D000               	nop2	
   326  0008AA                     l956:
   327  0008AA  0619               	decf	delay_ms@tempodeatraso,f,c
   328  0008AC  A0D8               	btfss	status,0,c
   329  0008AE  061A               	decf	delay_ms@tempodeatraso+1,f,c
   330  0008B0  501A               	movf	(delay_ms@tempodeatraso+1)& (0+255),w,c
   331  0008B2  1019               	iorwf	delay_ms@tempodeatraso& (0+255),w,c
   332  0008B4  B4D8               	btfsc	status,2,c
   333  0008B6  0012               	return	
   334  0008B8  D7F0               	goto	l954
   335  0008BA                     __end_of_delay_ms:
   336                           	opt stack 0
   337                           tblptru	equ	0xFF8
   338                           tblptrh	equ	0xFF7
   339                           tblptrl	equ	0xFF6
   340                           tablat	equ	0xFF5
   341                           postinc0	equ	0xFEE
   342                           wreg	equ	0xFE8
   343                           postdec1	equ	0xFE5
   344                           fsr1l	equ	0xFE1
   345                           status	equ	0xFD8
   346                           tblptru	equ	0xFF8
   347                           tblptrh	equ	0xFF7
   348                           tblptrl	equ	0xFF6
   349                           tablat	equ	0xFF5
   350                           postinc0	equ	0xFEE
   351                           wreg	equ	0xFE8
   352                           postdec1	equ	0xFE5
   353                           fsr1l	equ	0xFE1
   354                           status	equ	0xFD8
   355                           
   356                           	psect	rparam
   357  0000                     tblptru	equ	0xFF8
   358                           tblptrh	equ	0xFF7
   359                           tblptrl	equ	0xFF6
   360                           tablat	equ	0xFF5
   361                           postinc0	equ	0xFEE
   362                           wreg	equ	0xFE8
   363                           postdec1	equ	0xFE5
   364                           fsr1l	equ	0xFE1
   365                           status	equ	0xFD8


Data Sizes:
    Strings     11
    Constant    40
    Data        7
    BSS         17
    Persistent  0
    Stack       0

Auto Spaces:
    Space          Size  Autos    Used
    COMRAM           95      3      27
    BANK0           160      0       0
    BANK1           256      0       0
    BANK2           256      0       0
    BANK3           256      0       0
    BANK4           256      0       0
    BANK5           256      0       0
    BANK6           256      0       0
    BANK7           256      0       0

Pointer List with Targets:

    sp__utoa	PTR unsigned char  size(2) Largest target is 7
		 -> EscreveInteiroLCD@texto(COMRAM[7]), 

    S283$_cp	PTR const unsigned char  size(2) Largest target is 0

    _val._str._cp	PTR const unsigned char  size(2) Largest target is 0

    sp__ftoa	PTR unsigned char  size(2) Largest target is 17
		 -> ftoa@buf(COMRAM[17]), 

    sp__itoa	PTR unsigned char  size(2) Largest target is 7
		 -> EscreveInteiroLCD@texto(COMRAM[7]), 


Critical Paths under _main in COMRAM

    _main->_delay_ms

Critical Paths under _main in BANK0

    None.

Critical Paths under _main in BANK1

    None.

Critical Paths under _main in BANK2

    None.

Critical Paths under _main in BANK3

    None.

Critical Paths under _main in BANK4

    None.

Critical Paths under _main in BANK5

    None.

Critical Paths under _main in BANK6

    None.

Critical Paths under _main in BANK7

    None.

Call Graph Tables:

 ---------------------------------------------------------------------------------
 (Depth) Function   	        Calls       Base Space   Used Autos Params    Refs
 ---------------------------------------------------------------------------------
 (0) _main                                                 0     0      0     101
                           _delay_ms
 ---------------------------------------------------------------------------------
 (1) _delay_ms                                             3     1      2     101
                                              0 COMRAM     3     1      2
 ---------------------------------------------------------------------------------
 Estimated maximum stack depth 1
 ---------------------------------------------------------------------------------

 Call Graph Graphs:

 _main (ROOT)
   _delay_ms

 Address spaces:
Name               Size   Autos  Total    Cost      Usage
BIGRAM             7FF      0       0      21        0.0%
EEDATA             100      0       0       0        0.0%
BITBANK7           100      0       0      18        0.0%
BANK7              100      0       0      19        0.0%
BITBANK6           100      0       0      16        0.0%
BANK6              100      0       0      17        0.0%
BITBANK5           100      0       0      14        0.0%
BANK5              100      0       0      15        0.0%
BITBANK4           100      0       0      12        0.0%
BANK4              100      0       0      13        0.0%
BITBANK3           100      0       0      10        0.0%
BANK3              100      0       0      11        0.0%
BITBANK2           100      0       0       8        0.0%
BANK2              100      0       0       9        0.0%
BITBANK1           100      0       0       6        0.0%
BANK1              100      0       0       7        0.0%
BITBANK0            A0      0       0       4        0.0%
BANK0               A0      0       0       5        0.0%
BITCOMRAM           5F      0       0       0        0.0%
COMRAM              5F      3      1B       1       28.4%
BITSFR               0      0       0      40        0.0%
SFR                  0      0       0      40        0.0%
STACK                0      0       0       2        0.0%
NULL                 0      0       0       0        0.0%
ABS                  0      0      1B      20        0.0%
DATA                 0      0      1B       3        0.0%
CODE                 0      0       0       0        0.0%


Microchip Technology PIC18 Macro Assembler V1.33 build 59893 
Symbol Table                                                                                   Fri Sep 11 07:54:59 2020

                    l954 089A                      l956 08AA                      _RB0 007C08  
                    u387 08A0                      wreg 000FE8                     l1116 0876  
                   STR_1 0829                     _LATB 000F8A                     _main 086C  
                   fsr1l 000FE1                     start 0000                    ?_main 0019  
                  _TRISB 000F93          __end_of_dpowers 0829                    tablat 000FF5  
                  status 000FD8          __initialization 0836             __end_of_main 0898  
                 ??_main 001C            __activetblptr 000002                   _ADCON1 000FC1  
       __end_of_delay_ms 08BA                   clear_0 083C             __pdataCOMRAM 0012  
           __mediumconst 0000                   tblptrh 000FF7                   tblptrl 000FF6  
                 tblptru 000FF8               __accesstop 0060  __end_of__initialization 0862  
         __pcstackCOMRAM 0019                ?_delay_ms 0019                  __Hparam 0000  
                __Lparam 0000             __psmallconst 0800                  __pcinit 0836  
                __ramtop 0800                  __ptext0 086C                  __ptext1 0898  
                _dpowers 0801               ??_delay_ms 001B     end_of_initialization 0862  
                ftoa@buf 0001            __Lmediumconst 0000                  postdec1 000FE5  
                postinc0 000FEE                _PORTBbits 000F81                _PORTDbits 000F83  
              _TRISDbits 000F95            __pidataCOMRAM 08BA      start_initialization 0836  
            __pbssCOMRAM 0001      __end_of__stringdata 0834        __size_of_delay_ms 0022  
 EscreveInteiroLCD@F5476 0012              __smallconst 0800              __stringdata 0829  
              copy_data0 0856    delay_ms@tempodeatraso 0019                 __Hrparam 0000  
               __Lrparam 0000                 _delay_ms 0898            __size_of_main 002C  
